<?xml version="1.0" encoding="UTF-8"?>
<testsuite xmlns:xsi="http://www.w3.org/2001/XMLSchema-instance" xsi:noNamespaceSchemaLocation="https://maven.apache.org/surefire/maven-surefire-plugin/xsd/surefire-test-report.xsd" name="RomanNumbersTest" time="0.048" tests="10" errors="0" skipped="0" failures="0">
  <properties>
[...]
</properties>
  <testcase name="ShouldConvert5ToV" classname="RomanNumbersTest" time="0.025"/>
  <testcase name="ShouldConvert9ToI" classname="RomanNumbersTest" time="0.001"/>
  <testcase name="ShouldConvert10ToX" classname="RomanNumbersTest" time="0.001"/>
  <testcase name="ShouldConvert2ToII" classname="RomanNumbersTest" time="0"/>
  <testcase name="ShouldConvert4ToIV" classname="RomanNumbersTest" time="0.001"/>
  <testcase name="ShouldConvert9ToIX" classname="RomanNumbersTest" time="0.001"/>
  <testcase name="shouldConvert1ToITest" classname="RomanNumbersTest" time="0.001"/>
  <testcase name="ShouldConvert8ToVIII" classname="RomanNumbersTest" time="0.001"/>
  <testcase name="ShouldConvert38ToXXXVIII" classname="RomanNumbersTest" time="0.001"/>
  <testcase name="ShouldConvert3ToIII" classname="RomanNumbersTest" time="0.001"/>
</testsuite>